<?xml version="1.0" encoding="UTF-8"?>
<!-- Generated by org.testng.reporters.JUnitReportReporter -->
<testsuite skipped="1" hostname="TACCYQVDBW" name="testcases.LoginTest" tests="2" failures="0" timestamp="06 May 2018 10:06:55 GMT" time="63.788" errors="0">
  <testcase name="doLogin" time="0.031" classname="testcases.LoginTest">
    <skipped/>
  </testcase> <!-- doLogin -->
  <testcase name="doLogin" time="63.757" classname="testcases.LoginTest"/>
</testsuite> <!-- testcases.LoginTest -->
